<?xml version="1.0" encoding="UTF-8"?>
<!-- Generated by org.testng.reporters.JUnitReportReporter -->
<testsuite hostname="DESKTOP-H7NF6N5" name="com.qa.CRM.Test_Cases.New_Contact_Page_Test" tests="1" failures="0" timestamp="25 Mar 2019 15:25:13 GMT" time="23.002" errors="0">
  <testcase name="New_contactPage_test" time="23.002" classname="com.qa.CRM.Test_Cases.New_Contact_Page_Test"/>
</testsuite> <!-- com.qa.CRM.Test_Cases.New_Contact_Page_Test -->
