<?xml version="1.0" encoding="UTF-8"?>
<!-- Generated by org.testng.reporters.JUnitReportReporter -->
<testsuite hostname="DESKTOP-H7NF6N5" name="com.qa.CRM.Test_Cases.Signup_Page_Test" tests="3" failures="0" timestamp="13 Apr 2019 14:01:31 GMT" time="47.498" errors="0">
  <testcase name="verifySignUpPageTitle_Test" time="16.093" classname="com.qa.CRM.Test_Cases.Signup_Page_Test"/>
  <testcase name="loadingSignupdata_Test" time="15.739" classname="com.qa.CRM.Test_Cases.Signup_Page_Test"/>
  <testcase name="loadingSignupdata_Test" time="15.666" classname="com.qa.CRM.Test_Cases.Signup_Page_Test"/>
</testsuite> <!-- com.qa.CRM.Test_Cases.Signup_Page_Test -->
