<?xml version="1.0" encoding="UTF-8"?>
<!-- Generated by org.testng.reporters.JUnitReportReporter -->
<testsuite hostname="DESKTOP-H7NF6N5" name="com.qa.CRM.Test_Cases.Contacts_Page_Test" tests="4" failures="0" timestamp="2 May 2019 12:57:27 GMT" time="90.782" errors="0">
  <testcase name="Test_Selecting_Contacts" time="20.427" classname="com.qa.CRM.Test_Cases.Contacts_Page_Test"/>
  <testcase name="Test_create_New_Conact" time="26.244" classname="com.qa.CRM.Test_Cases.Contacts_Page_Test"/>
  <testcase name="Test_Verify_Contacts_Page_Title" time="17.421" classname="com.qa.CRM.Test_Cases.Contacts_Page_Test"/>
  <testcase name="Test_create_New_Conact" time="26.690" classname="com.qa.CRM.Test_Cases.Contacts_Page_Test"/>
</testsuite> <!-- com.qa.CRM.Test_Cases.Contacts_Page_Test -->
